2025-07-09 16:37:18,420 - Mapping file loaded successfully.
2025-07-09 16:39:14,917 - Mapping file loaded successfully.
2025-07-09 16:39:15,100 - SKU not found in mapping: MONEY HEIST A-8_BROWN
2025-07-09 16:39:15,101 - SKU not found in mapping: 69UFQNAH
2025-07-09 16:39:15,101 - SKU not found in mapping: SG_BUTTERFLY_LIGHTGREENPINK
2025-07-09 16:39:15,102 - SKU not found in mapping: SG_BUTTERFLY_LIGHTGREENPINK
2025-07-09 16:39:15,102 - SKU not found in mapping: YOU ARE MY SUNSHINE SUN_BROWN
2025-07-09 16:39:15,103 - SKU not found in mapping: V1NEPFRR
2025-07-09 16:39:15,103 - SKU not found in mapping: SG_BUTTERFLY_LIGHTGREENPINK
2025-07-09 16:39:15,112 - SKU not found in mapping: 6CKGXKIA
2025-07-09 16:39:15,113 - SKU not found in mapping: V1NEPFRR
2025-07-09 16:39:15,114 - SKU not found in mapping: LA VIE EN ROSE MB-BLACK
2025-07-09 16:39:15,114 - SKU not found in mapping: SG_BUTTERFLY_LIGHTGREENPINK
2025-07-09 16:39:15,116 - SKU not found in mapping: 1617749754_17
2025-07-09 16:39:15,117 - SKU not found in mapping: V1NEPFRR
2025-07-09 16:39:15,117 - SKU not found in mapping: SG_BUTTERFLY_LIGHTGREENPINK
2025-07-09 16:39:15,118 - SKU not found in mapping: MH-LA CASA DE PAPEL_BROWN
2025-07-09 16:39:15,119 - SKU not found in mapping: MH_A8_BROWN
2025-07-09 16:39:15,119 - SKU not found in mapping: SG_BUTTERFLY_LIGHTGREENPINK
2025-07-09 16:39:15,120 - SKU not found in mapping: CSTE_0355_WANDS_HARRYPOTTER_LIGHT_SG
2025-07-09 16:39:15,121 - SKU not found in mapping: V1NEPFRR
2025-07-09 16:39:15,121 - SKU not found in mapping: V1NEPFRR
2025-07-09 16:39:15,122 - SKU not found in mapping: 69UFQNAH
2025-07-09 16:39:15,123 - SKU not found in mapping: SG_BUTTERFLY_LIGHTGREENPINK
2025-07-09 16:39:15,123 - SKU not found in mapping: YOUAREMYSUNSHINEMUSICBOX-BLACK
2025-07-09 16:39:15,124 - SKU not found in mapping: 69UFQNAH
2025-07-09 16:39:15,125 - SKU not found in mapping: SG_BUTTERFLY_LIGHTGREENPINK
2025-07-09 16:39:15,125 - SKU not found in mapping: SG_BUTTERFLY_LIGHTGREENPINK
2025-07-09 16:39:15,126 - SKU not found in mapping: V1NEPFRR
2025-07-09 16:39:15,127 - SKU not found in mapping: CSTE_0359_WANDS_HERMOINE_LIGHT_SG
2025-07-09 16:39:15,127 - SKU not found in mapping: CSTE_0434_ST_POKEMON_BULBASOUR_GREEN
2025-07-09 16:39:15,128 - SKU not found in mapping: V1NEPFRR
2025-07-09 16:39:15,129 - SKU not found in mapping: MH_A8_BROWN
2025-07-09 16:39:15,129 - SKU not found in mapping: CSTE_O0390_OT_TOILETRY_BOTTLES
2025-07-09 16:39:15,130 - SKU not found in mapping: YOU ARE MY SUNSHINE SUN_BROWN
2025-07-09 16:39:15,131 - SKU not found in mapping: FIRE SUNGLASSES-GREEN
2025-07-09 16:39:15,131 - SKU not found in mapping: CSTE_O0390_OT_TOILETRY_BOTTLES
2025-07-09 16:39:15,132 - SKU not found in mapping: REDSTAWBERRY_SOFTTOY
2025-07-09 16:39:15,133 - SKU not found in mapping: 69UFQNAH
2025-07-09 16:39:15,134 - SKU not found in mapping: V1NEPFRR
2025-07-09 16:39:15,134 - SKU not found in mapping: CSTE_0430_ORG_COMPRESSION_KIT_BLUE
2025-07-09 16:39:15,135 - SKU not found in mapping: 6CKGXKIA
2025-07-09 16:39:15,136 - SKU not found in mapping: V1NEPFRR
2025-07-09 16:39:15,137 - SKU not found in mapping: 69UFQNAH
2025-07-09 16:39:15,138 - SKU not found in mapping: ACRYLIC_HEART_8NOTE_KALIMBA
2025-07-09 16:39:15,139 - SKU not found in mapping: V1NEPFRR
2025-07-09 16:39:15,140 - SKU not found in mapping: SG_BUTTERFLY_LIGHTGREENPINK
2025-07-09 16:39:15,140 - SKU not found in mapping: V1NEPFRR
2025-07-09 16:39:15,141 - SKU not found in mapping: CSTE_0484_ST_ANIMAL_KAONASHI_GHOST_BLACK
2025-07-09 16:39:15,141 - SKU not found in mapping: STORAGEBOX_3
2025-07-09 16:39:15,165 - SKU not found in mapping: 32546987
2025-07-09 16:39:15,166 - SKU not found in mapping: GOKU ACTION FIGURE01
2025-07-09 16:39:15,167 - SKU not found in mapping: CSTE_O0390_OT_TOILETRY_BOTTLES
2025-07-09 16:39:15,168 - SKU not found in mapping: CSTE_O0390_OT_TOILETRY_BOTTLES
2025-07-09 16:39:15,169 - SKU not found in mapping: 32546987
2025-07-09 16:39:15,169 - SKU not found in mapping: CSTE_0490_ST_FRUIT_BLOX_SHADOW
2025-07-09 16:39:15,172 - SKU not found in mapping: CSTE_O0390_OT_TOILETRY_BOTTLES
2025-07-09 16:39:15,173 - SKU not found in mapping: CSTE_O0390_OT_TOILETRY_BOTTLES
2025-07-09 16:39:15,174 - SKU not found in mapping: CSTE_O0390_OT_TOILETRY_BOTTLES
2025-07-09 16:39:15,174 - SKU not found in mapping: CSTE_O0390_OT_TOILETRY_BOTTLES
2025-07-09 16:39:15,175 - SKU not found in mapping: CSTE_O0390_OT_TOILETRY_BOTTLES
2025-07-09 16:39:15,175 - SKU not found in mapping: CSTE_O0390_OT_TOILETRY_BOTTLES
2025-07-09 16:39:15,176 - SKU not found in mapping: CSTE_0454_ST_ANIMAL_GARFIELD_ORANGE
2025-07-09 16:39:15,177 - SKU not found in mapping: 32546987
2025-07-09 16:39:15,177 - SKU not found in mapping: CSTE_O0390_OT_TOILETRY_BOTTLES
2025-07-09 16:39:15,178 - SKU not found in mapping: CSTE_0417_ORGANIZER_STORAGEBOX_SKYBLUE
2025-07-09 16:39:15,179 - SKU not found in mapping: CSTE_O0390_OT_TOILETRY_BOTTLES
2025-07-09 16:39:15,180 - SKU not found in mapping: CSTE_O0390_OT_TOILETRY_BOTTLES
2025-07-09 16:39:15,181 - SKU not found in mapping: SG_FIREGLASS_MERCURYPINK
2025-07-09 16:39:15,181 - SKU not found in mapping: CSTE_O0390_OT_TOILETRY_BOTTLES
2025-07-09 16:39:15,182 - SKU not found in mapping: CSTE_0478_ST_MINECRAFT_COW_BROWN
2025-07-09 16:39:15,183 - SKU not found in mapping: CSTE_O0390_OT_TOILETRY_BOTTLES
2025-07-09 16:39:15,184 - SKU not found in mapping: 32002561
2025-07-09 16:39:15,184 - SKU not found in mapping: 32546987
2025-07-09 16:39:15,185 - SKU not found in mapping: CSTE_O0390_OT_TOILETRY_BOTTLES
2025-07-09 16:39:15,186 - SKU not found in mapping: SG_FIREGLASS_GREEN
2025-07-09 16:39:15,187 - SKU not found in mapping: GENGAR
2025-07-09 16:39:15,188 - SKU not found in mapping: CSTE_O0390_OT_TOILETRY_BOTTLES
2025-07-09 16:39:15,189 - SKU not found in mapping: SG_BUTTERFLY_RED&GREEN
2025-07-09 16:39:15,190 - SKU not found in mapping: 32546987
2025-07-09 16:39:15,190 - SKU not found in mapping: CSTE_O0390_OT_TOILETRY_BOTTLES
2025-07-09 16:39:15,191 - SKU not found in mapping: 32546987
2025-07-09 16:39:15,192 - SKU not found in mapping: CSTE_0157_SG_FIREGLASS_GREEN
2025-07-09 16:39:15,193 - SKU not found in mapping: CSTE_O0390_OT_TOILETRY_BOTTLES
2025-07-09 16:39:15,194 - SKU not found in mapping: GOKU SUPER SAIYYAN INJURED01
2025-07-09 16:39:15,194 - SKU not found in mapping: CSTE_0417_ORGANIZER_STORAGEBOX_SKYBLUE
2025-07-09 16:39:15,195 - SKU not found in mapping: 32546987
2025-07-09 16:39:15,195 - SKU not found in mapping: 1951027540_9
2025-07-09 16:39:15,196 - SKU not found in mapping: DOLPHINE BUBBLE SHOOTER GUN FOR KIDS
2025-07-09 16:39:15,196 - SKU not found in mapping: MB_STARWARS_|BLK
2025-07-09 16:39:15,197 - SKU not found in mapping: 32546987
2025-07-09 16:39:15,197 - SKU not found in mapping: CSTE_O0390_OT_TOILETRY_BOTTLES
2025-07-09 16:39:15,198 - SKU not found in mapping: CSTE_O0445_OT_GLUE_SAND_RUBBER_MONKEY
2025-07-09 16:39:15,199 - SKU not found in mapping: HARRY_WAND
2025-07-09 16:39:15,200 - SKU not found in mapping: CSTE_0533_ST_ANIMAL_BREATHING_KOALA_GREY
2025-07-09 16:39:15,201 - SKU not found in mapping: 32546987
2025-07-09 16:39:15,202 - SKU not found in mapping: MINECRAFT_SMALL_SWORD_STEVE
2025-07-09 16:39:15,203 - SKU not found in mapping: CSTE_0205_MB_MHA10_BROWN
2025-07-09 16:39:15,203 - SKU not found in mapping: SG_BUTTERFLY_RED&GREEN
2025-07-09 16:39:15,204 - SKU not found in mapping: CSTE_0157_SG_FIREGLASS_GREEN
2025-07-09 16:39:15,204 - SKU not found in mapping: CSTE_O0390_OT_TOILETRY_BOTTLES
2025-07-09 16:39:15,205 - SKU not found in mapping: TITANIC_BROWN
2025-07-09 16:39:15,206 - SKU not found in mapping: CSTE_O0390_OT_TOILETRY_BOTTLES
2025-07-09 16:39:15,206 - SKU not found in mapping: SG_BUTTERFLY_RED&GREEN
2025-07-09 16:39:15,207 - SKU not found in mapping: 78945615
2025-07-09 16:39:15,208 - SKU not found in mapping: CSTE_O0390_OT_TOILETRY_BOTTLES
2025-07-09 16:39:15,208 - SKU not found in mapping: 32546987
2025-07-09 16:39:15,209 - SKU not found in mapping: CSTE_O0390_OT_TOILETRY_BOTTLES
2025-07-09 16:39:15,210 - SKU not found in mapping: 586379476_16
2025-07-09 16:39:15,210 - SKU not found in mapping: 586379476_16
2025-07-09 16:39:15,211 - SKU not found in mapping: SG_FIREGLASS_GREEN
2025-07-09 16:39:15,212 - SKU not found in mapping: CSTE_O0390_OT_TOILETRY_BOTTLES
2025-07-09 16:39:15,212 - SKU not found in mapping: 78945615
2025-07-09 16:39:15,213 - SKU not found in mapping: CSTE_O0390_OT_TOILETRY_BOTTLES
2025-07-09 16:52:32,699 - Mapping file loaded successfully.
2025-07-09 17:19:23,666 - Mapping file loaded successfully.
2025-07-09 17:19:57,460 - Mapping file loaded successfully.
2025-07-09 17:21:34,891 - Mapping file loaded successfully.
2025-07-09 17:52:23,028 - SKU not found in mapping: MONEY HEIST A-8_BROWN
2025-07-09 17:52:23,029 - SKU not found in mapping: 69UFQNAH
2025-07-09 17:52:23,029 - SKU not found in mapping: SG_BUTTERFLY_LIGHTGREENPINK
2025-07-09 17:52:23,030 - SKU not found in mapping: SG_BUTTERFLY_LIGHTGREENPINK
2025-07-09 17:52:23,030 - SKU not found in mapping: YOU ARE MY SUNSHINE SUN_BROWN
2025-07-09 17:52:23,031 - SKU not found in mapping: V1NEPFRR
2025-07-09 17:52:23,031 - SKU not found in mapping: SG_BUTTERFLY_LIGHTGREENPINK
2025-07-09 17:52:23,032 - SKU not found in mapping: 6CKGXKIA
2025-07-09 17:52:23,032 - SKU not found in mapping: V1NEPFRR
2025-07-09 17:52:23,033 - SKU not found in mapping: LA VIE EN ROSE MB-BLACK
2025-07-09 17:52:23,033 - SKU not found in mapping: SG_BUTTERFLY_LIGHTGREENPINK
2025-07-09 17:52:23,033 - SKU not found in mapping: 1617749754_17
2025-07-09 17:52:23,034 - SKU not found in mapping: V1NEPFRR
2025-07-09 17:52:23,034 - SKU not found in mapping: SG_BUTTERFLY_LIGHTGREENPINK
2025-07-09 17:52:23,035 - SKU not found in mapping: MH-LA CASA DE PAPEL_BROWN
2025-07-09 17:52:23,035 - SKU not found in mapping: MH_A8_BROWN
2025-07-09 17:52:23,036 - SKU not found in mapping: SG_BUTTERFLY_LIGHTGREENPINK
2025-07-09 17:52:23,036 - SKU not found in mapping: CSTE_0355_WANDS_HARRYPOTTER_LIGHT_SG
2025-07-09 17:52:23,037 - SKU not found in mapping: V1NEPFRR
2025-07-09 17:52:23,037 - SKU not found in mapping: V1NEPFRR
2025-07-09 17:52:23,037 - SKU not found in mapping: 69UFQNAH
2025-07-09 17:52:23,038 - SKU not found in mapping: SG_BUTTERFLY_LIGHTGREENPINK
2025-07-09 17:52:23,039 - SKU not found in mapping: YOUAREMYSUNSHINEMUSICBOX-BLACK
2025-07-09 17:52:23,040 - SKU not found in mapping: 69UFQNAH
2025-07-09 17:52:23,041 - SKU not found in mapping: SG_BUTTERFLY_LIGHTGREENPINK
2025-07-09 17:52:23,042 - SKU not found in mapping: SG_BUTTERFLY_LIGHTGREENPINK
2025-07-09 17:52:23,042 - SKU not found in mapping: V1NEPFRR
2025-07-09 17:52:23,043 - SKU not found in mapping: CSTE_0359_WANDS_HERMOINE_LIGHT_SG
2025-07-09 17:52:23,043 - SKU not found in mapping: CSTE_0434_ST_POKEMON_BULBASOUR_GREEN
2025-07-09 17:52:23,044 - SKU not found in mapping: V1NEPFRR
2025-07-09 17:52:23,044 - SKU not found in mapping: MH_A8_BROWN
2025-07-09 17:52:23,045 - SKU not found in mapping: CSTE_O0390_OT_TOILETRY_BOTTLES
2025-07-09 17:52:23,046 - SKU not found in mapping: YOU ARE MY SUNSHINE SUN_BROWN
2025-07-09 17:52:23,046 - SKU not found in mapping: FIRE SUNGLASSES-GREEN
2025-07-09 17:52:23,047 - SKU not found in mapping: CSTE_O0390_OT_TOILETRY_BOTTLES
2025-07-09 17:52:23,047 - SKU not found in mapping: REDSTAWBERRY_SOFTTOY
2025-07-09 17:52:23,048 - SKU not found in mapping: 69UFQNAH
2025-07-09 17:52:23,048 - SKU not found in mapping: V1NEPFRR
2025-07-09 17:52:23,049 - SKU not found in mapping: CSTE_0430_ORG_COMPRESSION_KIT_BLUE
2025-07-09 17:52:23,049 - SKU not found in mapping: 6CKGXKIA
2025-07-09 17:52:23,049 - SKU not found in mapping: V1NEPFRR
2025-07-09 17:52:23,050 - SKU not found in mapping: 69UFQNAH
2025-07-09 17:52:23,050 - SKU not found in mapping: ACRYLIC_HEART_8NOTE_KALIMBA
2025-07-09 17:52:23,051 - SKU not found in mapping: V1NEPFRR
2025-07-09 17:52:23,051 - SKU not found in mapping: SG_BUTTERFLY_LIGHTGREENPINK
2025-07-09 17:52:23,052 - SKU not found in mapping: V1NEPFRR
2025-07-09 17:52:23,052 - SKU not found in mapping: CSTE_0484_ST_ANIMAL_KAONASHI_GHOST_BLACK
2025-07-09 17:52:23,053 - SKU not found in mapping: STORAGEBOX_3
2025-07-09 17:52:39,686 - SKU not found in mapping: 32546987
2025-07-09 17:52:39,686 - SKU not found in mapping: GOKU ACTION FIGURE01
2025-07-09 17:52:39,687 - SKU not found in mapping: CSTE_O0390_OT_TOILETRY_BOTTLES
2025-07-09 17:52:39,687 - SKU not found in mapping: CSTE_O0390_OT_TOILETRY_BOTTLES
2025-07-09 17:52:39,688 - SKU not found in mapping: 32546987
2025-07-09 17:52:39,688 - SKU not found in mapping: CSTE_0490_ST_FRUIT_BLOX_SHADOW
2025-07-09 17:52:39,689 - SKU not found in mapping: CSTE_O0390_OT_TOILETRY_BOTTLES
2025-07-09 17:52:39,689 - SKU not found in mapping: CSTE_O0390_OT_TOILETRY_BOTTLES
2025-07-09 17:52:39,690 - SKU not found in mapping: CSTE_O0390_OT_TOILETRY_BOTTLES
2025-07-09 17:52:39,690 - SKU not found in mapping: CSTE_O0390_OT_TOILETRY_BOTTLES
2025-07-09 17:52:39,691 - SKU not found in mapping: CSTE_O0390_OT_TOILETRY_BOTTLES
2025-07-09 17:52:39,691 - SKU not found in mapping: CSTE_O0390_OT_TOILETRY_BOTTLES
2025-07-09 17:52:39,691 - SKU not found in mapping: CSTE_0454_ST_ANIMAL_GARFIELD_ORANGE
2025-07-09 17:52:39,692 - SKU not found in mapping: 32546987
2025-07-09 17:52:39,692 - SKU not found in mapping: CSTE_O0390_OT_TOILETRY_BOTTLES
2025-07-09 17:52:39,693 - SKU not found in mapping: CSTE_0417_ORGANIZER_STORAGEBOX_SKYBLUE
2025-07-09 17:52:39,693 - SKU not found in mapping: CSTE_O0390_OT_TOILETRY_BOTTLES
2025-07-09 17:52:39,694 - SKU not found in mapping: CSTE_O0390_OT_TOILETRY_BOTTLES
2025-07-09 17:52:39,694 - SKU not found in mapping: SG_FIREGLASS_MERCURYPINK
2025-07-09 17:52:39,695 - SKU not found in mapping: CSTE_O0390_OT_TOILETRY_BOTTLES
2025-07-09 17:52:39,695 - SKU not found in mapping: CSTE_0478_ST_MINECRAFT_COW_BROWN
2025-07-09 17:52:39,695 - SKU not found in mapping: CSTE_O0390_OT_TOILETRY_BOTTLES
2025-07-09 17:52:39,696 - SKU not found in mapping: 32002561
2025-07-09 17:52:39,696 - SKU not found in mapping: 32546987
2025-07-09 17:52:39,697 - SKU not found in mapping: CSTE_O0390_OT_TOILETRY_BOTTLES
2025-07-09 17:52:39,697 - SKU not found in mapping: SG_FIREGLASS_GREEN
2025-07-09 17:52:39,698 - SKU not found in mapping: GENGAR
2025-07-09 17:52:39,698 - SKU not found in mapping: CSTE_O0390_OT_TOILETRY_BOTTLES
2025-07-09 17:52:39,699 - SKU not found in mapping: SG_BUTTERFLY_RED&GREEN
2025-07-09 17:52:39,699 - SKU not found in mapping: 32546987
2025-07-09 17:52:39,699 - SKU not found in mapping: CSTE_O0390_OT_TOILETRY_BOTTLES
2025-07-09 17:52:39,700 - SKU not found in mapping: 32546987
2025-07-09 17:52:39,700 - SKU not found in mapping: CSTE_0157_SG_FIREGLASS_GREEN
2025-07-09 17:52:39,701 - SKU not found in mapping: CSTE_O0390_OT_TOILETRY_BOTTLES
2025-07-09 17:52:39,701 - SKU not found in mapping: GOKU SUPER SAIYYAN INJURED01
2025-07-09 17:52:39,702 - SKU not found in mapping: CSTE_0417_ORGANIZER_STORAGEBOX_SKYBLUE
2025-07-09 17:52:39,702 - SKU not found in mapping: 32546987
2025-07-09 17:52:39,703 - SKU not found in mapping: 1951027540_9
2025-07-09 17:52:39,703 - SKU not found in mapping: DOLPHINE BUBBLE SHOOTER GUN FOR KIDS
2025-07-09 17:52:39,703 - SKU not found in mapping: MB_STARWARS_|BLK
2025-07-09 17:52:39,704 - SKU not found in mapping: 32546987
2025-07-09 17:52:39,705 - SKU not found in mapping: CSTE_O0390_OT_TOILETRY_BOTTLES
2025-07-09 17:52:39,705 - SKU not found in mapping: CSTE_O0445_OT_GLUE_SAND_RUBBER_MONKEY
2025-07-09 17:52:39,706 - SKU not found in mapping: HARRY_WAND
2025-07-09 17:52:39,706 - SKU not found in mapping: CSTE_0533_ST_ANIMAL_BREATHING_KOALA_GREY
2025-07-09 17:52:39,707 - SKU not found in mapping: 32546987
2025-07-09 17:52:39,707 - SKU not found in mapping: MINECRAFT_SMALL_SWORD_STEVE
2025-07-09 17:52:39,707 - SKU not found in mapping: CSTE_0205_MB_MHA10_BROWN
2025-07-09 17:52:39,708 - SKU not found in mapping: SG_BUTTERFLY_RED&GREEN
2025-07-09 17:52:39,708 - SKU not found in mapping: CSTE_0157_SG_FIREGLASS_GREEN
2025-07-09 17:52:39,709 - SKU not found in mapping: CSTE_O0390_OT_TOILETRY_BOTTLES
2025-07-09 17:52:39,709 - SKU not found in mapping: TITANIC_BROWN
2025-07-09 17:52:39,710 - SKU not found in mapping: CSTE_O0390_OT_TOILETRY_BOTTLES
2025-07-09 17:52:39,710 - SKU not found in mapping: SG_BUTTERFLY_RED&GREEN
2025-07-09 17:52:39,711 - SKU not found in mapping: 78945615
2025-07-09 17:52:39,711 - SKU not found in mapping: CSTE_O0390_OT_TOILETRY_BOTTLES
2025-07-09 17:52:39,712 - SKU not found in mapping: 32546987
2025-07-09 17:52:39,712 - SKU not found in mapping: CSTE_O0390_OT_TOILETRY_BOTTLES
2025-07-09 17:52:39,712 - SKU not found in mapping: 586379476_16
2025-07-09 17:52:39,713 - SKU not found in mapping: 586379476_16
2025-07-09 17:52:39,714 - SKU not found in mapping: SG_FIREGLASS_GREEN
2025-07-09 17:52:39,714 - SKU not found in mapping: CSTE_O0390_OT_TOILETRY_BOTTLES
2025-07-09 17:52:39,715 - SKU not found in mapping: 78945615
2025-07-09 17:52:39,715 - SKU not found in mapping: CSTE_O0390_OT_TOILETRY_BOTTLES
